app/build/outputs/logs/manifest-merger-debug-report.txt
-- Merging decision tree log ---
manifest
ADDED from src/main/AndroidManifest.xml:2:1-102:12
	package
		ADDED from src/main/AndroidManifest.xml:3:5-56
		INJECTED from src/main/AndroidManifest.xml
		INJECTED from src/main/AndroidManifest.xml
	android:versionName
		INJECTED from src/main/AndroidManifest.xml
		INJECTED from src/main/AndroidManifest.xml
	xmlns:android
		ADDED from src/main/AndroidManifest.xml:2:11-69
	android:versionCode
		INJECTED from src/main/AndroidManifest.xml
		INJECTED from src/main/AndroidManifest.xml
uses-permission#android.permission.VIBRATE
ADDED from src/main/AndroidManifest.xml:5:5-66
MERGED from [io.smooch:ui:4.8.1] AndroidManifest.xml:13:5-66
	android:name
		ADDED from src/main/AndroidManifest.xml:5:22-63
uses-permission#android.permission.READ_CONTACTS
ADDED from src/main/AndroidManifest.xml:6:5-72
	android:name
		ADDED from src/main/AndroidManifest.xml:6:22-69
uses-permission#android.permission.GET_ACCOUNTS
ADDED from src/main/AndroidManifest.xml:7:5-71
	android:name
		ADDED from src/main/AndroidManifest.xml:7:22-68
uses-permission#android.permission.INTERNET
ADDED from src/main/AndroidManifest.xml:8:5-67
MERGED from [com.crashlytics.sdk.android:crashlytics:2.6.8] AndroidManifest.xml:9:5-67
MERGED from [com.crashlytics.sdk.android:beta:1.2.5] AndroidManifest.xml:9:5-67
MERGED from [com.crashlytics.sdk.android:crashlytics-core:2.3.17] AndroidManifest.xml:52:5-67
MERGED from [com.crashlytics.sdk.android:answers:1.3.13] AndroidManifest.xml:9:5-67
MERGED from [io.fabric.sdk.android:fabric:1.3.17] AndroidManifest.xml:29:5-67
MERGED from [com.google.android.gms:play-services-analytics:10.0.1] AndroidManifest.xml:20:5-66
MERGED from [com.google.android.gms:play-services-appinvite:10.0.1] AndroidManifest.xml:18:5-66
MERGED from [com.google.firebase:firebase-crash:10.0.1] AndroidManifest.xml:18:5-66
MERGED from [com.google.android.gms:play-services-gcm:10.0.1] AndroidManifest.xml:21:5-66
MERGED from [com.google.android.gms:play-services-iid:10.0.1] AndroidManifest.xml:21:5-66
MERGED from [com.google.android.gms:play-services-tagmanager-api:10.0.1] AndroidManifest.xml:20:5-66
MERGED from [com.google.android.gms:play-services-analytics-impl:10.0.1] AndroidManifest.xml:20:5-66
MERGED from [com.google.android.gms:play-services-ads-lite:10.0.1] AndroidManifest.xml:19:5-66
MERGED from [com.google.android.gms:play-services-maps:10.0.1] AndroidManifest.xml:20:5-66
MERGED from [io.smooch:ui:4.8.1] AndroidManifest.xml:12:5-67
MERGED from [io.smooch:core:4.8.1] AndroidManifest.xml:12:5-67
MERGED from [com.google.firebase:firebase-analytics:10.0.1] AndroidManifest.xml:20:5-66
MERGED from [com.google.firebase:firebase-analytics-impl:10.0.1] AndroidManifest.xml:20:5-66
MERGED from [com.google.firebase:firebase-iid:10.0.1] AndroidManifest.xml:20:5-66
	android:name
		ADDED from src/main/AndroidManifest.xml:8:22-64
application
ADDED from src/main/AndroidManifest.xml:10:5-100:19
MERGED from [com.crashlytics.sdk.android:crashlytics:2.6.8] AndroidManifest.xml:11:5-20
MERGED from [com.crashlytics.sdk.android:beta:1.2.5] AndroidManifest.xml:11:5-20
MERGED from [com.crashlytics.sdk.android:crashlytics-core:2.3.17] AndroidManifest.xml:54:5-20
MERGED from [com.crashlytics.sdk.android:answers:1.3.13] AndroidManifest.xml:11:5-20
MERGED from [io.fabric.sdk.android:fabric:1.3.17] AndroidManifest.xml:31:5-20
MERGED from [com.google.android.gms:play-services:10.0.1] AndroidManifest.xml:5:5-20
MERGED from [com.google.android.gms:play-services-analytics:10.0.1] AndroidManifest.xml:26:5-19
MERGED from [com.google.android.gms:play-services-appinvite:10.0.1] AndroidManifest.xml:19:5-26:19
MERGED from [com.google.android.gms:play-services-auth:10.0.1] AndroidManifest.xml:19:5-25:19
MERGED from [com.google.android.gms:play-services-cast-framework:10.0.1] AndroidManifest.xml:4:5-8:19
MERGED from [com.google.android.gms:play-services-cast:10.0.1] AndroidManifest.xml:18:5-19
MERGED from [com.android.support:mediarouter-v7:24.0.0] AndroidManifest.xml:22:5-20
MERGED from [com.android.support:palette-v7:24.0.0] AndroidManifest.xml:22:5-23:19
MERGED from [com.google.android.gms:play-services-awareness:10.0.1] AndroidManifest.xml:18:5-19
MERGED from [com.google.firebase:firebase-crash:10.0.1] AndroidManifest.xml:22:5-23:19
MERGED from [com.google.firebase:firebase-auth:10.0.1] AndroidManifest.xml:19:5-20:19
MERGED from [com.google.android.gms:play-services-fitness:10.0.1] AndroidManifest.xml:18:5-19
MERGED from [com.google.android.gms:play-services-games:10.0.1] AndroidManifest.xml:18:5-19
MERGED from [com.google.android.gms:play-services-drive:10.0.1] AndroidManifest.xml:18:5-19
MERGED from [com.google.android.gms:play-services-gcm:10.0.1] AndroidManifest.xml:23:5-19
MERGED from [com.google.firebase:firebase-appindexing:10.0.1] AndroidManifest.xml:18:5-19
MERGED from [com.google.android.gms:play-services-iid:10.0.1] AndroidManifest.xml:23:5-19
MERGED from [com.google.android.gms:play-services-nearby:10.0.1] AndroidManifest.xml:5:5-19
MERGED from [com.google.android.gms:play-services-panorama:10.0.1] AndroidManifest.xml:18:5-19
MERGED from [com.google.android.gms:play-services-places:10.0.1] AndroidManifest.xml:18:5-19
MERGED from [com.google.android.gms:play-services-plus:10.0.1] AndroidManifest.xml:18:5-19
MERGED from [com.google.android.gms:play-services-safetynet:10.0.1] AndroidManifest.xml:18:5-19
MERGED from [com.google.android.gms:play-services-tagmanager-api:10.0.1] AndroidManifest.xml:23:5-33:19
MERGED from [com.google.android.gms:play-services-tagmanager-v4-impl:10.0.1] AndroidManifest.xml:19:5-19
MERGED from [com.google.android.gms:play-services-analytics-impl:10.0.1] AndroidManifest.xml:26:5-19
MERGED from [com.google.android.gms:play-services-vision:10.0.1] AndroidManifest.xml:4:5-19
MERGED from [com.google.android.gms:play-services-identity:10.0.1] AndroidManifest.xml:18:5-19
MERGED from [com.google.android.gms:play-services-wearable:10.0.1] AndroidManifest.xml:18:5-19
MERGED from [com.google.android.gms:play-services-ads-lite:10.0.1] AndroidManifest.xml:23:5-27:19
MERGED from [com.google.android.gms:play-services-clearcut:10.0.1] AndroidManifest.xml:18:5-19
MERGED from [com.google.android.gms:play-services-gass:10.0.1] AndroidManifest.xml:4:5-19
MERGED from [com.google.android.gms:play-services-maps:10.0.1] AndroidManifest.xml:24:5-19
MERGED from [com.android.support:cardview-v7:25.1.0] AndroidManifest.xml:22:5-20
MERGED from [com.android.support:design:25.1.0] AndroidManifest.xml:25:5-20
MERGED from [com.android.support:transition:25.1.0] AndroidManifest.xml:22:5-20
MERGED from [com.google.firebase:firebase-config:10.0.1] AndroidManifest.xml:18:5-19
MERGED from [io.smooch:ui:4.8.1] AndroidManifest.xml:24:5-53:19
MERGED from [com.android.support:appcompat-v7:25.1.0] AndroidManifest.xml:25:5-20
MERGED from [com.android.support:animated-vector-drawable:25.1.0] AndroidManifest.xml:22:5-20
MERGED from [com.android.support:support-vector-drawable:25.1.0] AndroidManifest.xml:23:5-20
MERGED from [com.google.android.gms:play-services-location:10.0.1] AndroidManifest.xml:4:5-19
MERGED from [com.google.android.gms:play-services-base:10.0.1] AndroidManifest.xml:18:5-20:19
MERGED from [io.smooch:core:4.8.1] AndroidManifest.xml:14:5-30:19
MERGED from [com.google.firebase:firebase-core:10.0.1] AndroidManifest.xml:5:5-20
MERGED from [com.google.firebase:firebase-analytics:10.0.1] AndroidManifest.xml:24:5-33:19
MERGED from [com.google.firebase:firebase-analytics-impl:10.0.1] AndroidManifest.xml:24:5-28:19
MERGED from [com.google.firebase:firebase-messaging:10.0.1] AndroidManifest.xml:19:5-29:19
MERGED from [com.google.firebase:firebase-iid:10.0.1] AndroidManifest.xml:28:5-50:19
MERGED from [com.android.support.constraint:constraint-layout:1.0.2] AndroidManifest.xml:9:5-20
MERGED from [com.google.firebase:firebase-common:10.0.1] AndroidManifest.xml:4:5-7:19
MERGED from [com.google.android.gms:play-services-tasks:10.0.1] AndroidManifest.xml:4:5-19
MERGED from [com.google.android.gms:play-services-basement:10.0.1] AndroidManifest.xml:19:5-21:19
MERGED from [com.android.support:support-v4:25.1.0] AndroidManifest.xml:25:5-20
MERGED from [com.android.support:support-fragment:25.1.0] AndroidManifest.xml:25:5-20
MERGED from [com.android.support:support-media-compat:25.1.0] AndroidManifest.xml:25:5-20
MERGED from [com.android.support:support-core-ui:25.1.0] AndroidManifest.xml:25:5-20
MERGED from [com.android.support:support-core-utils:25.1.0] AndroidManifest.xml:25:5-20
MERGED from [com.android.support:support-compat:25.1.0] AndroidManifest.xml:25:5-20
	android:label
		ADDED from src/main/AndroidManifest.xml:14:9-41
	android:supportsRtl
		ADDED from src/main/AndroidManifest.xml:15:9-35
	android:allowBackup
		ADDED from src/main/AndroidManifest.xml:12:9-35
	android:icon
		ADDED from src/main/AndroidManifest.xml:13:9-36
	android:theme
		ADDED from src/main/AndroidManifest.xml:16:9-40
	android:name
		ADDED from src/main/AndroidManifest.xml:11:9-76
activity#com.example.studioquaiouest.myapplication.MainActivity
ADDED from src/main/AndroidManifest.xml:17:9-23:20
	android:name
		ADDED from src/main/AndroidManifest.xml:17:19-47
intent-filter#android.intent.action.MAIN+android.intent.category.LAUNCHER
ADDED from src/main/AndroidManifest.xml:18:13-22:29
action#android.intent.action.MAIN
ADDED from src/main/AndroidManifest.xml:19:17-69
	android:name
		ADDED from src/main/AndroidManifest.xml:19:25-66
category#android.intent.category.LAUNCHER
ADDED from src/main/AndroidManifest.xml:21:17-77
	android:name
		ADDED from src/main/AndroidManifest.xml:21:27-74
activity#com.example.studioquaiouest.myapplication.screen2
ADDED from src/main/AndroidManifest.xml:24:9-45
	android:name
		ADDED from src/main/AndroidManifest.xml:24:19-42
activity#com.example.studioquaiouest.myapplication.screen3
ADDED from src/main/AndroidManifest.xml:25:9-45
	android:name
		ADDED from src/main/AndroidManifest.xml:25:19-42
activity#com.example.studioquaiouest.myapplication.epilogue
ADDED from src/main/AndroidManifest.xml:26:9-46
	android:name
		ADDED from src/main/AndroidManifest.xml:26:19-43
activity#com.example.studioquaiouest.myapplication.screen5
ADDED from src/main/AndroidManifest.xml:27:9-45
	android:name
		ADDED from src/main/AndroidManifest.xml:27:19-42
activity#com.example.studioquaiouest.myapplication.screenshots
ADDED from src/main/AndroidManifest.xml:28:9-49
	android:name
		ADDED from src/main/AndroidManifest.xml:28:19-46
activity#com.example.studioquaiouest.myapplication.screen7
ADDED from src/main/AndroidManifest.xml:29:9-45
	android:name
		ADDED from src/main/AndroidManifest.xml:29:19-42
activity#com.example.studioquaiouest.myapplication.day1
ADDED from src/main/AndroidManifest.xml:30:9-42
	android:name
		ADDED from src/main/AndroidManifest.xml:30:19-39
activity#com.example.studioquaiouest.myapplication.screen9
ADDED from src/main/AndroidManifest.xml:31:9-45
	android:name
		ADDED from src/main/AndroidManifest.xml:31:19-42
activity#com.example.studioquaiouest.myapplication.day2
ADDED from src/main/AndroidManifest.xml:32:9-42
	android:name
		ADDED from src/main/AndroidManifest.xml:32:19-39
activity#com.example.studioquaiouest.myapplication.screen11
ADDED from src/main/AndroidManifest.xml:33:9-46
	android:name
		ADDED from src/main/AndroidManifest.xml:33:19-43
activity#com.example.studioquaiouest.myapplication.day3
ADDED from src/main/AndroidManifest.xml:34:9-42
	android:name
		ADDED from src/main/AndroidManifest.xml:34:19-39
activity#com.example.studioquaiouest.myapplication.screen13
ADDED from src/main/AndroidManifest.xml:35:9-46
	android:name
		ADDED from src/main/AndroidManifest.xml:35:19-43
activity#com.example.studioquaiouest.myapplication.day4
ADDED from src/main/AndroidManifest.xml:36:9-42
	android:name
		ADDED from src/main/AndroidManifest.xml:36:19-39
activity#com.example.studioquaiouest.myapplication.screen15
ADDED from src/main/AndroidManifest.xml:37:9-46
	android:name
		ADDED from src/main/AndroidManifest.xml:37:19-43
activity#com.example.studioquaiouest.myapplication.day5
ADDED from src/main/AndroidManifest.xml:38:9-42
	android:name
		ADDED from src/main/AndroidManifest.xml:38:19-39
activity#com.example.studioquaiouest.myapplication.screen17
ADDED from src/main/AndroidManifest.xml:39:9-46
	android:name
		ADDED from src/main/AndroidManifest.xml:39:19-43
service#com.example.studioquaiouest.myapplication.FirebaseMessagingService
ADDED from src/main/AndroidManifest.xml:42:9-46:19
	android:name
		ADDED from src/main/AndroidManifest.xml:42:18-58
intent-filter#com.google.firebase.MESSAGING_EVENT
ADDED from src/main/AndroidManifest.xml:43:13-45:29
action#com.google.firebase.MESSAGING_EVENT
ADDED from src/main/AndroidManifest.xml:44:17-78
	android:name
		ADDED from src/main/AndroidManifest.xml:44:25-75
activity#com.example.studioquaiouest.myapplication.Password
ADDED from src/main/AndroidManifest.xml:48:9-46
	android:name
		ADDED from src/main/AndroidManifest.xml:48:19-43
activity#com.example.studioquaiouest.myapplication.stupid
ADDED from src/main/AndroidManifest.xml:49:9-44
	android:name
		ADDED from src/main/AndroidManifest.xml:49:19-41
activity#com.example.studioquaiouest.myapplication.stupid2
ADDED from src/main/AndroidManifest.xml:50:9-54:54
	android:label
		ADDED from src/main/AndroidManifest.xml:53:13-59
	android:configChanges
		ADDED from src/main/AndroidManifest.xml:52:13-74
	android:theme
		ADDED from src/main/AndroidManifest.xml:54:13-51
	android:name
		ADDED from src/main/AndroidManifest.xml:51:13-36
activity#com.example.studioquaiouest.myapplication.screenlast
ADDED from src/main/AndroidManifest.xml:55:9-48
	android:name
		ADDED from src/main/AndroidManifest.xml:55:19-45
activity#com.example.studioquaiouest.myapplication.day6
ADDED from src/main/AndroidManifest.xml:56:9-42
	android:name
		ADDED from src/main/AndroidManifest.xml:56:19-39
activity#com.example.studioquaiouest.myapplication.screen19
ADDED from src/main/AndroidManifest.xml:57:9-46
	android:name
		ADDED from src/main/AndroidManifest.xml:57:19-43
activity#com.example.studioquaiouest.myapplication.intro
ADDED from src/main/AndroidManifest.xml:58:9-61:59
	android:label
		ADDED from src/main/AndroidManifest.xml:60:13-57
	android:theme
		ADDED from src/main/AndroidManifest.xml:61:13-56
	android:name
		ADDED from src/main/AndroidManifest.xml:59:13-34
activity#com.example.studioquaiouest.myapplication.credits
ADDED from src/main/AndroidManifest.xml:62:9-64:53
	android:label
		ADDED from src/main/AndroidManifest.xml:64:13-50
	android:name
		ADDED from src/main/AndroidManifest.xml:63:13-36
activity#com.example.studioquaiouest.myapplication.achievements
ADDED from src/main/AndroidManifest.xml:65:9-68:59
	android:label
		ADDED from src/main/AndroidManifest.xml:67:13-64
	android:theme
		ADDED from src/main/AndroidManifest.xml:68:13-56
	android:name
		ADDED from src/main/AndroidManifest.xml:66:13-41
activity#com.example.studioquaiouest.myapplication.easter_rules
ADDED from src/main/AndroidManifest.xml:69:9-50
	android:name
		ADDED from src/main/AndroidManifest.xml:69:19-47
meta-data#io.fabric.ApiKey
ADDED from src/main/AndroidManifest.xml:71:9-73:72
	android:value
		ADDED from src/main/AndroidManifest.xml:73:13-69
	android:name
		ADDED from src/main/AndroidManifest.xml:72:13-44
activity#com.example.studioquaiouest.myapplication.leaderboard
ADDED from src/main/AndroidManifest.xml:75:9-49
	android:name
		ADDED from src/main/AndroidManifest.xml:75:19-46
activity#com.example.studioquaiouest.myapplication.screen21
ADDED from src/main/AndroidManifest.xml:76:9-46
	android:name
		ADDED from src/main/AndroidManifest.xml:76:19-43
activity#com.example.studioquaiouest.myapplication.resume
ADDED from src/main/AndroidManifest.xml:77:9-44
	android:name
		ADDED from src/main/AndroidManifest.xml:77:19-41
activity#com.example.studioquaiouest.myapplication.screen23
ADDED from src/main/AndroidManifest.xml:78:9-46
	android:name
		ADDED from src/main/AndroidManifest.xml:78:19-43
activity#com.example.studioquaiouest.myapplication.screen25
ADDED from src/main/AndroidManifest.xml:79:9-46
	android:name
		ADDED from src/main/AndroidManifest.xml:79:19-43
activity#com.example.studioquaiouest.myapplication.screen27
ADDED from src/main/AndroidManifest.xml:80:9-46
	android:name
		ADDED from src/main/AndroidManifest.xml:80:19-43
activity#com.example.studioquaiouest.myapplication.screen29
ADDED from src/main/AndroidManifest.xml:81:9-46
	android:name
		ADDED from src/main/AndroidManifest.xml:81:19-43
activity#com.example.studioquaiouest.myapplication.screen31
ADDED from src/main/AndroidManifest.xml:82:9-46
	android:name
		ADDED from src/main/AndroidManifest.xml:82:19-43
activity#com.example.studioquaiouest.myapplication.screen33
ADDED from src/main/AndroidManifest.xml:83:9-46
	android:name
		ADDED from src/main/AndroidManifest.xml:83:19-43
activity#com.example.studioquaiouest.myapplication.screen35
ADDED from src/main/AndroidManifest.xml:84:9-46
	android:name
		ADDED from src/main/AndroidManifest.xml:84:19-43
activity#com.example.studioquaiouest.myapplication.screen37
ADDED from src/main/AndroidManifest.xml:85:9-46
	android:name
		ADDED from src/main/AndroidManifest.xml:85:19-43
activity#com.example.studioquaiouest.myapplication.screen39
ADDED from src/main/AndroidManifest.xml:86:9-46
	android:name
		ADDED from src/main/AndroidManifest.xml:86:19-43
activity#com.example.studioquaiouest.myapplication.screen41
ADDED from src/main/AndroidManifest.xml:87:9-46
	android:name
		ADDED from src/main/AndroidManifest.xml:87:19-43
activity#com.example.studioquaiouest.myapplication.screen43
ADDED from src/main/AndroidManifest.xml:88:9-46
	android:name
		ADDED from src/main/AndroidManifest.xml:88:19-43
activity#com.example.studioquaiouest.myapplication.screen45
ADDED from src/main/AndroidManifest.xml:89:9-46
	android:name
		ADDED from src/main/AndroidManifest.xml:89:19-43
activity#com.example.studioquaiouest.myapplication.screen47
ADDED from src/main/AndroidManifest.xml:90:9-46
	android:name
		ADDED from src/main/AndroidManifest.xml:90:19-43
activity#com.example.studioquaiouest.myapplication.screen49
ADDED from src/main/AndroidManifest.xml:91:9-46
	android:name
		ADDED from src/main/AndroidManifest.xml:91:19-43
activity#com.example.studioquaiouest.myapplication.screen51
ADDED from src/main/AndroidManifest.xml:92:9-46
	android:name
		ADDED from src/main/AndroidManifest.xml:92:19-43
activity#com.example.studioquaiouest.myapplication.screen53
ADDED from src/main/AndroidManifest.xml:93:9-46
	android:name
		ADDED from src/main/AndroidManifest.xml:93:19-43
activity#com.example.studioquaiouest.myapplication.screen55
ADDED from src/main/AndroidManifest.xml:94:9-46
	android:name
		ADDED from src/main/AndroidManifest.xml:94:19-43
activity#com.example.studioquaiouest.myapplication.screen57
ADDED from src/main/AndroidManifest.xml:95:9-46
	android:name
		ADDED from src/main/AndroidManifest.xml:95:19-43
activity#com.example.studioquaiouest.myapplication.screen59
ADDED from src/main/AndroidManifest.xml:96:9-46
	android:name
		ADDED from src/main/AndroidManifest.xml:96:19-43
activity#com.example.studioquaiouest.myapplication.screen61
ADDED from src/main/AndroidManifest.xml:97:9-46
	android:name
		ADDED from src/main/AndroidManifest.xml:97:19-43
activity#com.example.studioquaiouest.myapplication.screen63
ADDED from src/main/AndroidManifest.xml:98:9-46
	android:name
		ADDED from src/main/AndroidManifest.xml:98:19-43
activity#com.example.studioquaiouest.myapplication.screen65
ADDED from src/main/AndroidManifest.xml:99:9-55
	android:name
		ADDED from src/main/AndroidManifest.xml:99:19-43
uses-sdk
INJECTED from src/main/AndroidManifest.xml reason: use-sdk injection requested
MERGED from [com.crashlytics.sdk.android:crashlytics:2.6.8] AndroidManifest.xml:7:5-43
MERGED from [com.crashlytics.sdk.android:beta:1.2.5] AndroidManifest.xml:7:5-43
MERGED from [com.crashlytics.sdk.android:crashlytics-core:2.3.17] AndroidManifest.xml:50:5-43
MERGED from [com.crashlytics.sdk.android:answers:1.3.13] AndroidManifest.xml:7:5-43
MERGED from [io.fabric.sdk.android:fabric:1.3.17] AndroidManifest.xml:27:5-43
MERGED from [com.google.android.gms:play-services:10.0.1] AndroidManifest.xml:4:5-42
MERGED from [com.google.android.gms:play-services-analytics:10.0.1] AndroidManifest.xml:17:5-42
MERGED from [com.google.android.gms:play-services-appinvite:10.0.1] AndroidManifest.xml:17:5-42
MERGED from [com.google.android.gms:play-services-auth:10.0.1] AndroidManifest.xml:17:5-42
MERGED from [com.google.android.gms:play-services-auth-base:10.0.1] AndroidManifest.xml:4:5-42
MERGED from [com.google.android.gms:play-services-cast-framework:10.0.1] AndroidManifest.xml:3:5-42
MERGED from [com.google.android.gms:play-services-cast:10.0.1] AndroidManifest.xml:17:5-42
MERGED from [com.android.support:mediarouter-v7:24.0.0] AndroidManifest.xml:20:5-43
MERGED from [com.android.support:palette-v7:24.0.0] AndroidManifest.xml:20:5-43
MERGED from [com.google.android.gms:play-services-awareness:10.0.1] AndroidManifest.xml:17:5-42
MERGED from [com.google.firebase:firebase-crash:10.0.1] AndroidManifest.xml:20:5-42
MERGED from [com.google.firebase:firebase-auth:10.0.1] AndroidManifest.xml:17:5-42
MERGED from [com.google.firebase:firebase-storage:10.0.1] AndroidManifest.xml:3:5-42
MERGED from [com.google.firebase:firebase-storage-common:10.0.1] AndroidManifest.xml:3:5-42
MERGED from [com.google.android.gms:play-services-fitness:10.0.1] AndroidManifest.xml:17:5-42
MERGED from [com.google.android.gms:play-services-games:10.0.1] AndroidManifest.xml:17:5-42
MERGED from [com.google.android.gms:play-services-drive:10.0.1] AndroidManifest.xml:17:5-42
MERGED from [com.google.android.gms:play-services-gcm:10.0.1] AndroidManifest.xml:17:5-42
MERGED from [com.google.firebase:firebase-appindexing:10.0.1] AndroidManifest.xml:17:5-42
MERGED from [com.google.android.gms:play-services-iid:10.0.1] AndroidManifest.xml:17:5-42
MERGED from [com.google.android.gms:play-services-instantapps:10.0.1] AndroidManifest.xml:3:5-42
MERGED from [com.google.android.gms:play-services-nearby:10.0.1] AndroidManifest.xml:3:5-42
MERGED from [com.google.android.gms:play-services-panorama:10.0.1] AndroidManifest.xml:17:5-42
MERGED from [com.google.android.gms:play-services-places:10.0.1] AndroidManifest.xml:17:5-42
MERGED from [com.google.android.gms:play-services-plus:10.0.1] AndroidManifest.xml:17:5-42
MERGED from [com.google.android.gms:play-services-safetynet:10.0.1] AndroidManifest.xml:17:5-42
MERGED from [com.google.android.gms:play-services-tagmanager:10.0.1] AndroidManifest.xml:17:5-42
MERGED from [com.google.android.gms:play-services-tagmanager-api:10.0.1] AndroidManifest.xml:17:5-42
MERGED from [com.google.android.gms:play-services-tagmanager-v4-impl:10.0.1] AndroidManifest.xml:17:5-42
MERGED from [com.google.android.gms:play-services-analytics-impl:10.0.1] AndroidManifest.xml:17:5-42
MERGED from [com.google.android.gms:play-services-vision:10.0.1] AndroidManifest.xml:3:5-42
MERGED from [com.google.android.gms:play-services-wallet:10.0.1] AndroidManifest.xml:18:5-42
MERGED from [com.google.android.gms:play-services-identity:10.0.1] AndroidManifest.xml:17:5-42
MERGED from [com.google.android.gms:play-services-wearable:10.0.1] AndroidManifest.xml:17:5-42
MERGED from [com.google.android.gms:play-services-ads:10.0.1] AndroidManifest.xml:17:5-42
MERGED from [com.google.android.gms:play-services-ads-lite:10.0.1] AndroidManifest.xml:22:5-42
MERGED from [com.google.android.gms:play-services-clearcut:10.0.1] AndroidManifest.xml:17:5-42
MERGED from [com.google.android.gms:play-services-gass:10.0.1] AndroidManifest.xml:3:5-42
MERGED from [com.google.android.gms:play-services-maps:10.0.1] AndroidManifest.xml:23:5-42
MERGED from [com.android.support:cardview-v7:25.1.0] AndroidManifest.xml:20:5-43
MERGED from [com.android.support:design:25.1.0] AndroidManifest.xml:21:5-23:62
MERGED from [com.android.support:transition:25.1.0] AndroidManifest.xml:20:5-44
MERGED from [com.google.firebase:firebase-config:10.0.1] AndroidManifest.xml:17:5-42
MERGED from [io.smooch:ui:4.8.1] AndroidManifest.xml:7:5-9:41
MERGED from [com.android.support:appcompat-v7:25.1.0] AndroidManifest.xml:21:5-23:78
MERGED from [com.android.support:animated-vector-drawable:25.1.0] AndroidManifest.xml:20:5-44
MERGED from [com.android.support:support-vector-drawable:25.1.0] AndroidManifest.xml:21:5-43
MERGED from [com.android.support:recyclerview-v7:25.1.0] AndroidManifest.xml:20:5-43
MERGED from [com.davemorrissey.labs:subsampling-scale-image-view:3.5.0] AndroidManifest.xml:7:5-9:41
MERGED from [com.google.android.gms:play-services-location:10.0.1] AndroidManifest.xml:3:5-42
MERGED from [com.google.android.gms:play-services-base:10.0.1] AndroidManifest.xml:17:5-42
MERGED from [io.smooch:core:4.8.1] AndroidManifest.xml:7:5-9:41
MERGED from [com.google.firebase:firebase-core:10.0.1] AndroidManifest.xml:4:5-42
MERGED from [com.google.firebase:firebase-analytics:10.0.1] AndroidManifest.xml:17:5-42
MERGED from [com.google.firebase:firebase-analytics-impl:10.0.1] AndroidManifest.xml:17:5-42
MERGED from [com.google.firebase:firebase-messaging:10.0.1] AndroidManifest.xml:17:5-42
MERGED from [com.google.firebase:firebase-iid:10.0.1] AndroidManifest.xml:17:5-42
MERGED from [com.android.support.constraint:constraint-layout:1.0.2] AndroidManifest.xml:5:5-7:41
MERGED from [com.google.firebase:firebase-database:10.0.1] AndroidManifest.xml:3:5-42
MERGED from [com.google.firebase:firebase-database-connection:10.0.1] AndroidManifest.xml:3:5-42
MERGED from [com.google.firebase:firebase-common:10.0.1] AndroidManifest.xml:3:5-42
MERGED from [com.google.android.gms:play-services-tasks:10.0.1] AndroidManifest.xml:3:5-42
MERGED from [com.google.android.gms:play-services-basement:10.0.1] AndroidManifest.xml:17:5-42
MERGED from [com.android.support:support-v4:25.1.0] AndroidManifest.xml:21:5-23:54
MERGED from [com.android.support:support-fragment:25.1.0] AndroidManifest.xml:21:5-23:60
MERGED from [com.android.support:support-media-compat:25.1.0] AndroidManifest.xml:21:5-23:63
MERGED from [com.android.support:support-core-ui:25.1.0] AndroidManifest.xml:21:5-23:58
MERGED from [com.android.support:support-core-utils:25.1.0] AndroidManifest.xml:21:5-23:61
MERGED from [com.android.support:support-compat:25.1.0] AndroidManifest.xml:21:5-23:58
	tools:overrideLibrary
		ADDED from [com.android.support:design:25.1.0] AndroidManifest.xml:23:9-59
	android:targetSdkVersion
		INJECTED from src/main/AndroidManifest.xml
		INJECTED from src/main/AndroidManifest.xml
	android:minSdkVersion
		INJECTED from src/main/AndroidManifest.xml
		INJECTED from src/main/AndroidManifest.xml
uses-permission#android.permission.ACCESS_NETWORK_STATE
ADDED from [com.google.android.gms:play-services-analytics:10.0.1] AndroidManifest.xml:21:5-78
MERGED from [com.google.android.gms:play-services-nearby:10.0.1] AndroidManifest.xml:4:5-78
MERGED from [com.google.android.gms:play-services-tagmanager-api:10.0.1] AndroidManifest.xml:21:5-78
MERGED from [com.google.android.gms:play-services-analytics-impl:10.0.1] AndroidManifest.xml:21:5-78
MERGED from [com.google.android.gms:play-services-ads-lite:10.0.1] AndroidManifest.xml:20:5-78
MERGED from [com.google.android.gms:play-services-maps:10.0.1] AndroidManifest.xml:19:5-78
MERGED from [io.smooch:ui:4.8.1] AndroidManifest.xml:11:5-79
MERGED from [io.smooch:core:4.8.1] AndroidManifest.xml:11:5-79
MERGED from [com.google.firebase:firebase-analytics:10.0.1] AndroidManifest.xml:21:5-78
MERGED from [com.google.firebase:firebase-analytics-impl:10.0.1] AndroidManifest.xml:21:5-78
MERGED from [com.google.firebase:firebase-iid:10.0.1] AndroidManifest.xml:19:5-78
	android:name
		ADDED from [com.google.android.gms:play-services-analytics:10.0.1] AndroidManifest.xml:21:22-76
uses-permission#android.permission.WAKE_LOCK
ADDED from [com.google.android.gms:play-services-analytics:10.0.1] AndroidManifest.xml:24:5-67
MERGED from [com.google.android.gms:play-services-analytics-impl:10.0.1] AndroidManifest.xml:24:5-67
MERGED from [com.google.firebase:firebase-analytics:10.0.1] AndroidManifest.xml:22:5-67
MERGED from [com.google.firebase:firebase-analytics-impl:10.0.1] AndroidManifest.xml:22:5-67
MERGED from [com.google.firebase:firebase-iid:10.0.1] AndroidManifest.xml:21:5-67
	android:name
		ADDED from [com.google.android.gms:play-services-analytics:10.0.1] AndroidManifest.xml:24:22-65
activity#com.google.android.gms.appinvite.PreviewActivity
ADDED from [com.google.android.gms:play-services-appinvite:10.0.1] AndroidManifest.xml:20:9-25:20
	android:exported
		ADDED from [com.google.android.gms:play-services-appinvite:10.0.1] AndroidManifest.xml:20:51-74
	android:theme
		ADDED from [com.google.android.gms:play-services-appinvite:10.0.1] AndroidManifest.xml:20:75-121
	android:name
		ADDED from [com.google.android.gms:play-services-appinvite:10.0.1] AndroidManifest.xml:20:19-50
intent-filter#android.intent.category.DEFAULT+com.google.android.gms.appinvite.ACTION_PREVIEW
ADDED from [com.google.android.gms:play-services-appinvite:10.0.1] AndroidManifest.xml:21:13-24:29
action#com.google.android.gms.appinvite.ACTION_PREVIEW
ADDED from [com.google.android.gms:play-services-appinvite:10.0.1] AndroidManifest.xml:22:17-89
	android:name
		ADDED from [com.google.android.gms:play-services-appinvite:10.0.1] AndroidManifest.xml:22:25-87
category#android.intent.category.DEFAULT
ADDED from [com.google.android.gms:play-services-appinvite:10.0.1] AndroidManifest.xml:23:17-75
	android:name
		ADDED from [com.google.android.gms:play-services-appinvite:10.0.1] AndroidManifest.xml:23:27-73
activity#com.google.android.gms.auth.api.signin.internal.SignInHubActivity
ADDED from [com.google.android.gms:play-services-auth:10.0.1] AndroidManifest.xml:20:9-189
	android:excludeFromRecents
		ADDED from [com.google.android.gms:play-services-auth:10.0.1] AndroidManifest.xml:20:129-162
	android:exported